<?xml version="1.0" encoding="UTF-8"?>
<testng-results ignored="0" total="2" passed="2" failed="0" skipped="0">
  <reporter-output>
  </reporter-output>
  <suite started-at="2022-01-13T23:21:58 EST" name="Data Driven Basics" finished-at="2022-01-13T23:22:09 EST" duration-ms="11384">
    <groups>
    </groups>
    <test started-at="2022-01-13T23:21:58 EST" name="LoginTest" finished-at="2022-01-13T23:22:01 EST" duration-ms="3381">
      <class name="com.w2a.testcases.LoginTest">
        <test-method signature="loginAsBankManager()[pri:0, instance:com.w2a.testcases.LoginTest@3a0d172f]" started-at="2022-01-13T23:21:58 EST" name="loginAsBankManager" finished-at="2022-01-13T23:22:01 EST" duration-ms="3343" status="PASS">
          <reporter-output>
          </reporter-output>
        </test-method> <!-- loginAsBankManager -->
      </class> <!-- com.w2a.testcases.LoginTest -->
    </test> <!-- LoginTest -->
    <test started-at="2022-01-13T23:22:01 EST" name="Add Customer Test" finished-at="2022-01-13T23:22:09 EST" duration-ms="7974">
      <class name="com.w2a.testcases.LoginTest">
        <test-method is-config="true" signature="tearDown()[pri:0, instance:com.w2a.testcases.LoginTest@3a0d172f]" started-at="2022-01-13T23:22:09 EST" name="tearDown" finished-at="2022-01-13T23:22:10 EST" duration-ms="483" status="PASS">
          <reporter-output>
          </reporter-output>
        </test-method> <!-- tearDown -->
      </class> <!-- com.w2a.testcases.LoginTest -->
      <class name="com.w2a.testcases.AddCustomerTes">
        <test-method is-config="true" signature="setUP()[pri:0, instance:com.w2a.testcases.AddCustomerTes@62f68dff]" started-at="2022-01-13T23:21:53 EST" name="setUP" finished-at="2022-01-13T23:21:58 EST" duration-ms="4646" status="PASS">
          <reporter-output>
          </reporter-output>
        </test-method> <!-- setUP -->
        <test-method signature="addCustomer(java.lang.String,java.lang.String,java.lang.String,java.lang.String)[pri:0, instance:com.w2a.testcases.AddCustomerTes@62f68dff]" started-at="2022-01-13T23:22:01 EST" name="addCustomer" data-provider="getData" finished-at="2022-01-13T23:22:09 EST" duration-ms="7951" status="PASS">
          <params>
            <param index="0">
              <value>
                <![CDATA[Raman ]]>
              </value>
            </param>
            <param index="1">
              <value>
                <![CDATA[Arora ]]>
              </value>
            </param>
            <param index="2">
              <value>
                <![CDATA[1234.0]]>
              </value>
            </param>
            <param index="3">
              <value>
                <![CDATA[Customer added successfully]]>
              </value>
            </param>
          </params>
          <reporter-output>
          </reporter-output>
        </test-method> <!-- addCustomer -->
        <test-method is-config="true" signature="tearDown()[pri:0, instance:com.w2a.testcases.AddCustomerTes@62f68dff]" started-at="2022-01-13T23:22:10 EST" name="tearDown" finished-at="2022-01-13T23:22:10 EST" duration-ms="0" status="PASS">
          <reporter-output>
          </reporter-output>
        </test-method> <!-- tearDown -->
      </class> <!-- com.w2a.testcases.AddCustomerTes -->
    </test> <!-- Add Customer Test -->
  </suite> <!-- Data Driven Basics -->
</testng-results>
